<?xml version="1.0" encoding="UTF-8" ?>
<testsuite failures="0" time="2.048" errors="0" skipped="0" tests="3" name="com.sos.scheduler.engine.plugins.jetty.rest.JobResourceTest">
  <properties>
[...]
</properties>
  <testcase time="0.072" classname="com.sos.scheduler.engine.plugins.jetty.rest.JobResourceTest" name="Read a job configuration"/>
  <testcase time="0.004" classname="com.sos.scheduler.engine.plugins.jetty.rest.JobResourceTest" name="Read a job description"/>
  <testcase time="0.003" classname="com.sos.scheduler.engine.plugins.jetty.rest.JobResourceTest" name="Read a job snapshot log"/>
</testsuite>